<?xml version="1.0" encoding="UTF-8"?>
<testng-results ignored="0" total="1" passed="1" failed="0" skipped="0">
  <reporter-output>
  </reporter-output>
  <suite started-at="2024-08-04T22:12:20 IST" name="Default suite" finished-at="2024-08-04T22:12:57 IST" duration-ms="36918">
    <groups>
      <group name="QA">
        <method signature="Lab095.testPrintTitleAndPrice()[pri:0, instance:com.kashyap.LearningSeleniumATB6x.ex_selenium_18072024.Lab095@52c3cb31]" name="testPrintTitleAndPrice" class="com.kashyap.LearningSeleniumATB6x.ex_selenium_18072024.Lab095"/>
      </group> <!-- QA -->
    </groups>
    <test started-at="2024-08-04T22:12:20 IST" name="Default test" finished-at="2024-08-04T22:12:57 IST" duration-ms="36918">
      <class name="com.kashyap.LearningSeleniumATB6x.ex_selenium_18072024.Lab095">
        <test-method is-config="true" signature="openBrowser()[pri:0, instance:com.kashyap.LearningSeleniumATB6x.ex_selenium_18072024.Lab095@52c3cb31]" started-at="2024-08-04T22:12:20 IST" name="openBrowser" finished-at="2024-08-04T22:12:28 IST" duration-ms="7809" status="PASS">
          <reporter-output>
          </reporter-output>
        </test-method> <!-- openBrowser -->
        <test-method signature="testPrintTitleAndPrice()[pri:0, instance:com.kashyap.LearningSeleniumATB6x.ex_selenium_18072024.Lab095@52c3cb31]" started-at="2024-08-04T22:12:28 IST" name="testPrintTitleAndPrice" finished-at="2024-08-04T22:12:51 IST" duration-ms="22811" status="PASS">
          <reporter-output>
          </reporter-output>
        </test-method> <!-- testPrintTitleAndPrice -->
        <test-method is-config="true" signature="closeBrowser()[pri:0, instance:com.kashyap.LearningSeleniumATB6x.ex_selenium_18072024.Lab095@52c3cb31]" started-at="2024-08-04T22:12:51 IST" name="closeBrowser" finished-at="2024-08-04T22:12:57 IST" duration-ms="5841" status="PASS">
          <reporter-output>
          </reporter-output>
        </test-method> <!-- closeBrowser -->
      </class> <!-- com.kashyap.LearningSeleniumATB6x.ex_selenium_18072024.Lab095 -->
    </test> <!-- Default test -->
  </suite> <!-- Default suite -->
</testng-results>
